<?xml version="1.0" encoding="UTF-8"?>
<testng-results ignored="4" total="8" passed="2" failed="2" skipped="0">
  <reporter-output>
  </reporter-output>
  <suite started-at="2022-07-12T20:36:36 IST" name="Suite" finished-at="2022-07-12T20:38:50 IST" duration-ms="133198">
    <groups>
    </groups>
    <test started-at="2022-07-12T20:36:36 IST" name="ChromeBrowser" finished-at="2022-07-12T20:38:47 IST" duration-ms="130408">
      <class name="ExcelTest.ToVerifyRemoveProduct">
        <test-method is-config="true" signature="lunchBrowser(java.lang.String)[pri:0, instance:ExcelTest.ToVerifyRemoveProduct@6c64cb25]" started-at="2022-07-12T20:36:37 IST" name="lunchBrowser" finished-at="2022-07-12T20:36:46 IST" duration-ms="9067" status="PASS">
          <params>
            <param index="0">
              <value>
                <![CDATA[Chrome]]>
              </value>
            </param>
          </params>
          <reporter-output>
          </reporter-output>
        </test-method> <!-- lunchBrowser -->
        <test-method is-config="true" signature="beforeClass()[pri:0, instance:ExcelTest.ToVerifyRemoveProduct@6c64cb25]" started-at="2022-07-12T20:37:37 IST" name="beforeClass" finished-at="2022-07-12T20:37:37 IST" duration-ms="2" status="PASS">
          <reporter-output>
          </reporter-output>
        </test-method> <!-- beforeClass -->
        <test-method is-config="true" signature="beforeMethod()[pri:0, instance:ExcelTest.ToVerifyRemoveProduct@6c64cb25]" started-at="2022-07-12T20:37:37 IST" name="beforeMethod" finished-at="2022-07-12T20:38:02 IST" duration-ms="24512" status="PASS">
          <reporter-output>
          </reporter-output>
        </test-method> <!-- beforeMethod -->
        <test-method signature="testToSelcectProduct()[pri:1, instance:ExcelTest.ToVerifyRemoveProduct@6c64cb25]" started-at="2022-07-12T20:38:02 IST" name="testToSelcectProduct" finished-at="2022-07-12T20:38:30 IST" duration-ms="27929" status="PASS">
          <reporter-output>
          </reporter-output>
        </test-method> <!-- testToSelcectProduct -->
        <test-method is-config="true" signature="afterMethod(org.testng.ITestResult)[pri:0, instance:ExcelTest.ToVerifyRemoveProduct@6c64cb25]" started-at="2022-07-12T20:38:30 IST" name="afterMethod" finished-at="2022-07-12T20:38:45 IST" duration-ms="15319" status="PASS">
          <params>
            <param index="0">
              <value>
                <![CDATA[[TestResult name=testToSelcectProduct status=SUCCESS method=ToVerifyRemoveProduct.testToSelcectProduct()[pri:1, instance:ExcelTest.ToVerifyRemoveProduct@6c64cb25] output={null}]]]>
              </value>
            </param>
          </params>
          <reporter-output>
          </reporter-output>
        </test-method> <!-- afterMethod -->
        <test-method is-config="true" signature="closedObjects()[pri:0, instance:ExcelTest.ToVerifyRemoveProduct@6c64cb25]" started-at="2022-07-12T20:38:45 IST" name="closedObjects" finished-at="2022-07-12T20:38:45 IST" duration-ms="1" status="PASS">
          <reporter-output>
          </reporter-output>
        </test-method> <!-- closedObjects -->
        <test-method is-config="true" signature="afterClass()[pri:0, instance:ExcelTest.ToVerifyRemoveProduct@6c64cb25]" started-at="2022-07-12T20:38:45 IST" name="afterClass" finished-at="2022-07-12T20:38:46 IST" duration-ms="999" status="PASS">
          <reporter-output>
          </reporter-output>
        </test-method> <!-- afterClass -->
      </class> <!-- ExcelTest.ToVerifyRemoveProduct -->
      <class name="ExcelTest.ToVerifySelectedProduct">
        <test-method is-config="true" signature="lunchBrowser(java.lang.String)[pri:0, instance:ExcelTest.ToVerifySelectedProduct@7ec7ffd3]" started-at="2022-07-12T20:36:46 IST" name="lunchBrowser" finished-at="2022-07-12T20:36:54 IST" duration-ms="8524" status="PASS">
          <params>
            <param index="0">
              <value>
                <![CDATA[Chrome]]>
              </value>
            </param>
          </params>
          <reporter-output>
          </reporter-output>
        </test-method> <!-- lunchBrowser -->
        <test-method is-config="true" signature="beforeClass()[pri:0, instance:ExcelTest.ToVerifySelectedProduct@7ec7ffd3]" started-at="2022-07-12T20:36:54 IST" name="beforeClass" finished-at="2022-07-12T20:36:54 IST" duration-ms="360" status="PASS">
          <reporter-output>
          </reporter-output>
        </test-method> <!-- beforeClass -->
        <test-method is-config="true" signature="beforeMethod()[pri:0, instance:ExcelTest.ToVerifySelectedProduct@7ec7ffd3]" started-at="2022-07-12T20:36:55 IST" name="beforeMethod" finished-at="2022-07-12T20:37:16 IST" duration-ms="21585" status="PASS">
          <reporter-output>
          </reporter-output>
        </test-method> <!-- beforeMethod -->
        <test-method signature="testToSearchProduct()[pri:0, instance:ExcelTest.ToVerifySelectedProduct@7ec7ffd3]" started-at="2022-07-12T20:37:16 IST" name="testToSearchProduct" finished-at="2022-07-12T20:37:24 IST" duration-ms="8091" status="FAIL">
          <exception class="java.lang.AssertionError">
            <message>
              <![CDATA[title failed expected [Oline Shopping Site for Mobiles, Electronics, Furniture, Grocery, Lifestyle, Books & More. Best Offers!] but found [Online Shopping Site for Mobiles, Electronics, Furniture, Grocery, Lifestyle, Books & More. Best Offers!]]]>
            </message>
            <full-stacktrace>
              <![CDATA[java.lang.AssertionError: title failed expected [Oline Shopping Site for Mobiles, Electronics, Furniture, Grocery, Lifestyle, Books & More. Best Offers!] but found [Online Shopping Site for Mobiles, Electronics, Furniture, Grocery, Lifestyle, Books & More. Best Offers!]
at org.testng.Assert.fail(Assert.java:99)
at org.testng.Assert.failNotEquals(Assert.java:1037)
at org.testng.Assert.assertEqualsImpl(Assert.java:140)
at org.testng.Assert.assertEquals(Assert.java:122)
at org.testng.Assert.assertEquals(Assert.java:629)
at ExcelTest.ToVerifySelectedProduct.testToSearchProduct(ToVerifySelectedProduct.java:97)
at java.base/jdk.internal.reflect.NativeMethodAccessorImpl.invoke0(Native Method)
at java.base/jdk.internal.reflect.NativeMethodAccessorImpl.invoke(NativeMethodAccessorImpl.java:77)
at java.base/jdk.internal.reflect.DelegatingMethodAccessorImpl.invoke(DelegatingMethodAccessorImpl.java:43)
at java.base/java.lang.reflect.Method.invoke(Method.java:568)
at org.testng.internal.MethodInvocationHelper.invokeMethod(MethodInvocationHelper.java:133)
at org.testng.internal.TestInvoker.invokeMethod(TestInvoker.java:598)
at org.testng.internal.TestInvoker.invokeTestMethod(TestInvoker.java:173)
at org.testng.internal.MethodRunner.runInSequence(MethodRunner.java:46)
at org.testng.internal.TestInvoker$MethodInvocationAgent.invoke(TestInvoker.java:824)
at org.testng.internal.TestInvoker.invokeTestMethods(TestInvoker.java:146)
at org.testng.internal.TestMethodWorker.invokeTestMethods(TestMethodWorker.java:146)
at org.testng.internal.TestMethodWorker.run(TestMethodWorker.java:128)
at java.base/java.util.ArrayList.forEach(ArrayList.java:1511)
at org.testng.TestRunner.privateRun(TestRunner.java:794)
at org.testng.TestRunner.run(TestRunner.java:596)
at org.testng.SuiteRunner.runTest(SuiteRunner.java:377)
at org.testng.SuiteRunner.access$000(SuiteRunner.java:28)
at org.testng.SuiteRunner$SuiteWorker.run(SuiteRunner.java:418)
at org.testng.internal.thread.ThreadUtil.lambda$execute$0(ThreadUtil.java:64)
at java.base/java.util.concurrent.FutureTask.run(FutureTask.java:264)
at java.base/java.util.concurrent.ThreadPoolExecutor.runWorker(ThreadPoolExecutor.java:1136)
at java.base/java.util.concurrent.ThreadPoolExecutor$Worker.run(ThreadPoolExecutor.java:635)
at java.base/java.lang.Thread.run(Thread.java:833)
]]>
            </full-stacktrace>
          </exception> <!-- java.lang.AssertionError -->
          <reporter-output>
          </reporter-output>
        </test-method> <!-- testToSearchProduct -->
        <test-method is-config="true" signature="afterMethod(org.testng.ITestResult)[pri:0, instance:ExcelTest.ToVerifySelectedProduct@7ec7ffd3]" started-at="2022-07-12T20:37:24 IST" name="afterMethod" finished-at="2022-07-12T20:37:37 IST" duration-ms="13110" status="PASS">
          <params>
            <param index="0">
              <value>
                <![CDATA[[TestResult name=testToSearchProduct status=FAILURE method=ToVerifySelectedProduct.testToSearchProduct()[pri:0, instance:ExcelTest.ToVerifySelectedProduct@7ec7ffd3] output={null}]]]>
              </value>
            </param>
          </params>
          <reporter-output>
          </reporter-output>
        </test-method> <!-- afterMethod -->
        <test-method is-config="true" signature="clearObject()[pri:0, instance:ExcelTest.ToVerifySelectedProduct@7ec7ffd3]" started-at="2022-07-12T20:37:37 IST" name="clearObject" finished-at="2022-07-12T20:37:37 IST" duration-ms="0" status="PASS">
          <reporter-output>
          </reporter-output>
        </test-method> <!-- clearObject -->
        <test-method is-config="true" signature="closedBrowser()[pri:0, instance:ExcelTest.ToVerifySelectedProduct@7ec7ffd3]" started-at="2022-07-12T20:38:46 IST" name="closedBrowser" finished-at="2022-07-12T20:38:47 IST" duration-ms="728" status="PASS">
          <reporter-output>
          </reporter-output>
        </test-method> <!-- closedBrowser -->
      </class> <!-- ExcelTest.ToVerifySelectedProduct -->
    </test> <!-- ChromeBrowser -->
    <test started-at="2022-07-12T20:36:36 IST" name="OperaBrowser" finished-at="2022-07-12T20:38:50 IST" duration-ms="133198">
      <class name="ExcelTest.ToVerifyRemoveProduct">
        <test-method is-config="true" signature="lunchBrowser(java.lang.String)[pri:0, instance:ExcelTest.ToVerifyRemoveProduct@4562e04d]" started-at="2022-07-12T20:36:37 IST" name="lunchBrowser" finished-at="2022-07-12T20:36:49 IST" duration-ms="12983" status="PASS">
          <params>
            <param index="0">
              <value>
                <![CDATA[Opera]]>
              </value>
            </param>
          </params>
          <reporter-output>
          </reporter-output>
        </test-method> <!-- lunchBrowser -->
        <test-method is-config="true" signature="beforeClass()[pri:0, instance:ExcelTest.ToVerifyRemoveProduct@4562e04d]" started-at="2022-07-12T20:37:34 IST" name="beforeClass" finished-at="2022-07-12T20:37:34 IST" duration-ms="7" status="PASS">
          <reporter-output>
          </reporter-output>
        </test-method> <!-- beforeClass -->
        <test-method is-config="true" signature="beforeMethod()[pri:0, instance:ExcelTest.ToVerifyRemoveProduct@4562e04d]" started-at="2022-07-12T20:37:34 IST" name="beforeMethod" finished-at="2022-07-12T20:38:03 IST" duration-ms="28646" status="PASS">
          <reporter-output>
          </reporter-output>
        </test-method> <!-- beforeMethod -->
        <test-method signature="testToSelcectProduct()[pri:1, instance:ExcelTest.ToVerifyRemoveProduct@4562e04d]" started-at="2022-07-12T20:38:03 IST" name="testToSelcectProduct" finished-at="2022-07-12T20:38:32 IST" duration-ms="29602" status="PASS">
          <reporter-output>
          </reporter-output>
        </test-method> <!-- testToSelcectProduct -->
        <test-method is-config="true" signature="afterMethod(org.testng.ITestResult)[pri:0, instance:ExcelTest.ToVerifyRemoveProduct@4562e04d]" started-at="2022-07-12T20:38:32 IST" name="afterMethod" finished-at="2022-07-12T20:38:47 IST" duration-ms="14652" status="PASS">
          <params>
            <param index="0">
              <value>
                <![CDATA[[TestResult name=testToSelcectProduct status=SUCCESS method=ToVerifyRemoveProduct.testToSelcectProduct()[pri:1, instance:ExcelTest.ToVerifyRemoveProduct@4562e04d] output={null}]]]>
              </value>
            </param>
          </params>
          <reporter-output>
          </reporter-output>
        </test-method> <!-- afterMethod -->
        <test-method is-config="true" signature="closedObjects()[pri:0, instance:ExcelTest.ToVerifyRemoveProduct@4562e04d]" started-at="2022-07-12T20:38:47 IST" name="closedObjects" finished-at="2022-07-12T20:38:47 IST" duration-ms="1" status="PASS">
          <reporter-output>
          </reporter-output>
        </test-method> <!-- closedObjects -->
        <test-method is-config="true" signature="afterClass()[pri:0, instance:ExcelTest.ToVerifyRemoveProduct@4562e04d]" started-at="2022-07-12T20:38:47 IST" name="afterClass" finished-at="2022-07-12T20:38:48 IST" duration-ms="1318" status="PASS">
          <reporter-output>
          </reporter-output>
        </test-method> <!-- afterClass -->
      </class> <!-- ExcelTest.ToVerifyRemoveProduct -->
      <class name="ExcelTest.ToVerifySelectedProduct">
        <test-method is-config="true" signature="lunchBrowser(java.lang.String)[pri:0, instance:ExcelTest.ToVerifySelectedProduct@145f66e3]" started-at="2022-07-12T20:36:49 IST" name="lunchBrowser" finished-at="2022-07-12T20:37:01 IST" duration-ms="11745" status="PASS">
          <params>
            <param index="0">
              <value>
                <![CDATA[Opera]]>
              </value>
            </param>
          </params>
          <reporter-output>
          </reporter-output>
        </test-method> <!-- lunchBrowser -->
        <test-method is-config="true" signature="beforeClass()[pri:0, instance:ExcelTest.ToVerifySelectedProduct@145f66e3]" started-at="2022-07-12T20:37:01 IST" name="beforeClass" finished-at="2022-07-12T20:37:01 IST" duration-ms="4" status="PASS">
          <reporter-output>
          </reporter-output>
        </test-method> <!-- beforeClass -->
        <test-method is-config="true" signature="beforeMethod()[pri:0, instance:ExcelTest.ToVerifySelectedProduct@145f66e3]" started-at="2022-07-12T20:37:01 IST" name="beforeMethod" finished-at="2022-07-12T20:37:16 IST" duration-ms="15169" status="PASS">
          <reporter-output>
          </reporter-output>
        </test-method> <!-- beforeMethod -->
        <test-method signature="testToSearchProduct()[pri:0, instance:ExcelTest.ToVerifySelectedProduct@145f66e3]" started-at="2022-07-12T20:37:16 IST" name="testToSearchProduct" finished-at="2022-07-12T20:37:24 IST" duration-ms="8076" status="FAIL">
          <exception class="java.lang.AssertionError">
            <message>
              <![CDATA[title failed expected [Oline Shopping Site for Mobiles, Electronics, Furniture, Grocery, Lifestyle, Books & More. Best Offers!] but found [Online Shopping Site for Mobiles, Electronics, Furniture, Grocery, Lifestyle, Books & More. Best Offers!]]]>
            </message>
            <full-stacktrace>
              <![CDATA[java.lang.AssertionError: title failed expected [Oline Shopping Site for Mobiles, Electronics, Furniture, Grocery, Lifestyle, Books & More. Best Offers!] but found [Online Shopping Site for Mobiles, Electronics, Furniture, Grocery, Lifestyle, Books & More. Best Offers!]
at org.testng.Assert.fail(Assert.java:99)
at org.testng.Assert.failNotEquals(Assert.java:1037)
at org.testng.Assert.assertEqualsImpl(Assert.java:140)
at org.testng.Assert.assertEquals(Assert.java:122)
at org.testng.Assert.assertEquals(Assert.java:629)
at ExcelTest.ToVerifySelectedProduct.testToSearchProduct(ToVerifySelectedProduct.java:97)
at java.base/jdk.internal.reflect.NativeMethodAccessorImpl.invoke0(Native Method)
at java.base/jdk.internal.reflect.NativeMethodAccessorImpl.invoke(NativeMethodAccessorImpl.java:77)
at java.base/jdk.internal.reflect.DelegatingMethodAccessorImpl.invoke(DelegatingMethodAccessorImpl.java:43)
at java.base/java.lang.reflect.Method.invoke(Method.java:568)
at org.testng.internal.MethodInvocationHelper.invokeMethod(MethodInvocationHelper.java:133)
at org.testng.internal.TestInvoker.invokeMethod(TestInvoker.java:598)
at org.testng.internal.TestInvoker.invokeTestMethod(TestInvoker.java:173)
at org.testng.internal.MethodRunner.runInSequence(MethodRunner.java:46)
at org.testng.internal.TestInvoker$MethodInvocationAgent.invoke(TestInvoker.java:824)
at org.testng.internal.TestInvoker.invokeTestMethods(TestInvoker.java:146)
at org.testng.internal.TestMethodWorker.invokeTestMethods(TestMethodWorker.java:146)
at org.testng.internal.TestMethodWorker.run(TestMethodWorker.java:128)
at java.base/java.util.ArrayList.forEach(ArrayList.java:1511)
at org.testng.TestRunner.privateRun(TestRunner.java:794)
at org.testng.TestRunner.run(TestRunner.java:596)
at org.testng.SuiteRunner.runTest(SuiteRunner.java:377)
at org.testng.SuiteRunner.access$000(SuiteRunner.java:28)
at org.testng.SuiteRunner$SuiteWorker.run(SuiteRunner.java:418)
at org.testng.internal.thread.ThreadUtil.lambda$execute$0(ThreadUtil.java:64)
at java.base/java.util.concurrent.FutureTask.run(FutureTask.java:264)
at java.base/java.util.concurrent.ThreadPoolExecutor.runWorker(ThreadPoolExecutor.java:1136)
at java.base/java.util.concurrent.ThreadPoolExecutor$Worker.run(ThreadPoolExecutor.java:635)
at java.base/java.lang.Thread.run(Thread.java:833)
]]>
            </full-stacktrace>
          </exception> <!-- java.lang.AssertionError -->
          <reporter-output>
          </reporter-output>
        </test-method> <!-- testToSearchProduct -->
        <test-method is-config="true" signature="afterMethod(org.testng.ITestResult)[pri:0, instance:ExcelTest.ToVerifySelectedProduct@145f66e3]" started-at="2022-07-12T20:37:24 IST" name="afterMethod" finished-at="2022-07-12T20:37:34 IST" duration-ms="9651" status="PASS">
          <params>
            <param index="0">
              <value>
                <![CDATA[[TestResult name=testToSearchProduct status=FAILURE method=ToVerifySelectedProduct.testToSearchProduct()[pri:0, instance:ExcelTest.ToVerifySelectedProduct@145f66e3] output={null}]]]>
              </value>
            </param>
          </params>
          <reporter-output>
          </reporter-output>
        </test-method> <!-- afterMethod -->
        <test-method is-config="true" signature="clearObject()[pri:0, instance:ExcelTest.ToVerifySelectedProduct@145f66e3]" started-at="2022-07-12T20:37:34 IST" name="clearObject" finished-at="2022-07-12T20:37:34 IST" duration-ms="1" status="PASS">
          <reporter-output>
          </reporter-output>
        </test-method> <!-- clearObject -->
        <test-method is-config="true" signature="closedBrowser()[pri:0, instance:ExcelTest.ToVerifySelectedProduct@145f66e3]" started-at="2022-07-12T20:38:48 IST" name="closedBrowser" finished-at="2022-07-12T20:38:50 IST" duration-ms="1311" status="PASS">
          <reporter-output>
          </reporter-output>
        </test-method> <!-- closedBrowser -->
      </class> <!-- ExcelTest.ToVerifySelectedProduct -->
    </test> <!-- OperaBrowser -->
  </suite> <!-- Suite -->
</testng-results>
