<?xml version="1.0" encoding="UTF-8"?>
<!-- Generated by org.testng.reporters.JUnitXMLReporter -->
<testsuite ignored="2" hostname="DESKTOP-1M9NOUK" failures="1" tests="2" name="OperaBrowser" time="133.198" errors="0" timestamp="2022-07-12T20:38:50 IST">
  <testcase classname="ExcelTest.ToVerifySelectedProduct" name="testToSearchProduct" time="8.076">
    <failure type="java.lang.AssertionError" message="title failed expected [Oline Shopping Site for Mobiles, Electronics, Furniture, Grocery, Lifestyle, Books &amp;amp; More. Best Offers!] but found [Online Shopping Site for Mobiles, Electronics, Furniture, Grocery, Lifestyle, Books &amp;amp; More. Best Offers!]">
      <![CDATA[java.lang.AssertionError: title failed expected [Oline Shopping Site for Mobiles, Electronics, Furniture, Grocery, Lifestyle, Books & More. Best Offers!] but found [Online Shopping Site for Mobiles, Electronics, Furniture, Grocery, Lifestyle, Books & More. Best Offers!]
at ExcelTest.ToVerifySelectedProduct.testToSearchProduct(ToVerifySelectedProduct.java:97)
at java.base/java.util.ArrayList.forEach(ArrayList.java:1511)
at java.base/java.util.concurrent.FutureTask.run(FutureTask.java:264)
at java.base/java.util.concurrent.ThreadPoolExecutor.runWorker(ThreadPoolExecutor.java:1136)
at java.base/java.util.concurrent.ThreadPoolExecutor$Worker.run(ThreadPoolExecutor.java:635)
at java.base/java.lang.Thread.run(Thread.java:833)
... Removed 23 stack frames]]>
    </failure>
  </testcase> <!-- testToSearchProduct -->
  <testcase classname="ExcelTest.ToVerifyRemoveProduct" name="testToSelcectProduct" time="29.602"/>
  <testcase classname="ExcelTest.ToVerifySelectedProduct" name="testToSelectProduct" time="0.0">
    <ignored/>
  </testcase> <!-- testToSelectProduct -->
  <testcase classname="ExcelTest.ToVerifyRemoveProduct" name="testToRemoveProduct" time="0.0">
    <ignored/>
  </testcase> <!-- testToRemoveProduct -->
</testsuite> <!-- OperaBrowser -->
