<?xml version="1.0" encoding="UTF-8"?>
<!-- Generated by org.testng.reporters.JUnitXMLReporter -->
<testsuite ignored="1" hostname="DESKTOP-1M9NOUK" failures="0" tests="4" name="Test" time="111.95" errors="0" timestamp="2022-07-07T00:48:27 IST">
  <testcase classname="ExcelTest.ToVerifySelectedProduct" name="testToSearchProduct" time="3.411"/>
  <testcase classname="ExcelTest.ToVerifySelectedProduct" name="testToSearchProduct" time="3.441"/>
  <testcase classname="ExcelTest.ToVerifySelectedProduct" name="testToSelectProduct" time="22.195"/>
  <testcase classname="ExcelTest.ToVerifyRemoveProduct" name="testToSelcectProduct" time="15.481"/>
  <testcase classname="ExcelTest.ToVerifyRemoveProduct" name="testToRemoveProduct" time="0.0">
    <ignored/>
  </testcase> <!-- testToRemoveProduct -->
</testsuite> <!-- Test -->
